2024-11-18 14:06:43,294 [Worker-4: Loading available Gradle versions] INFO  o.e.b.c.i.u.g.PublishedGradleVersions - Gradle version information cache is up-to-date. Trying to read.
2024-11-18 14:08:54,632 [Worker-8: Creating project "spring-didemo"] INFO  o.e.m.c.i.l.LifecycleMappingFactory - Using org.eclipse.m2e.jdt.JarLifecycleMapping lifecycle mapping for MavenProject: com.cts:spring-didemo:0.0.1-SNAPSHOT @ C:\Cognizant\ongoing\SpringBootMicroservices_1430to1630_13Nov24_27Dec24\WS\spring-didemo\pom.xml.
2024-11-18 14:08:55,216 [Worker-8: Creating project "spring-didemo"] INFO  o.e.m.j.i.AbstractJavaProjectConfigurator - Adding source folder /spring-didemo/src/main/java
2024-11-18 14:08:55,219 [Worker-8: Creating project "spring-didemo"] INFO  o.e.m.j.i.AbstractJavaProjectConfigurator - Adding resource folder /spring-didemo/src/main/resources
2024-11-18 14:08:55,220 [Worker-8: Creating project "spring-didemo"] INFO  o.e.m.j.i.AbstractJavaProjectConfigurator - Adding source folder /spring-didemo/src/test/java
2024-11-18 14:08:55,220 [Worker-8: Creating project "spring-didemo"] INFO  o.e.m.j.i.AbstractJavaProjectConfigurator - Adding resource folder /spring-didemo/src/test/resources
2024-11-18 14:08:56,156 [Worker-7: Building] WARN  o.e.m.c.i.embedder.EclipseLogger - Using platform encoding (Cp1252 actually) to copy filtered resources, i.e. build is platform dependent!
2024-11-18 14:08:56,165 [Worker-7: Building] INFO  o.e.m.c.i.embedder.EclipseLogger - Copying 0 resource
2024-11-18 14:08:56,167 [Worker-7: Building] WARN  o.e.m.c.i.embedder.EclipseLogger - Using platform encoding (Cp1252 actually) to copy filtered resources, i.e. build is platform dependent!
2024-11-18 14:08:56,168 [Worker-7: Building] INFO  o.e.m.c.i.embedder.EclipseLogger - Copying 0 resource
2024-11-18 14:11:49,151 [Worker-14: Building] INFO  o.e.m.c.i.l.LifecycleMappingFactory - Using org.eclipse.m2e.jdt.JarLifecycleMapping lifecycle mapping for MavenProject: com.cts:spring-didemo:0.0.1-SNAPSHOT @ C:\Cognizant\ongoing\SpringBootMicroservices_1430to1630_13Nov24_27Dec24\WS\spring-didemo\pom.xml.
2024-11-18 14:11:49,292 [Worker-14: Building] WARN  o.e.m.c.i.embedder.EclipseLogger - Using platform encoding (Cp1252 actually) to copy filtered resources, i.e. build is platform dependent!
2024-11-18 14:11:49,294 [Worker-14: Building] INFO  o.e.m.c.i.embedder.EclipseLogger - Copying 0 resource
2024-11-18 14:11:49,297 [Worker-14: Building] WARN  o.e.m.c.i.embedder.EclipseLogger - Using platform encoding (Cp1252 actually) to copy filtered resources, i.e. build is platform dependent!
2024-11-18 14:11:49,298 [Worker-14: Building] INFO  o.e.m.c.i.embedder.EclipseLogger - Copying 0 resource
2024-11-18 14:11:50,803 [Worker-11: Building] WARN  o.e.m.c.i.embedder.EclipseLogger - Using platform encoding (Cp1252 actually) to copy filtered resources, i.e. build is platform dependent!
2024-11-18 14:11:50,806 [Worker-11: Building] INFO  o.e.m.c.i.embedder.EclipseLogger - Copying 0 resource
2024-11-18 14:11:50,808 [Worker-11: Building] WARN  o.e.m.c.i.embedder.EclipseLogger - Using platform encoding (Cp1252 actually) to copy filtered resources, i.e. build is platform dependent!
2024-11-18 14:11:50,809 [Worker-11: Building] INFO  o.e.m.c.i.embedder.EclipseLogger - Copying 0 resource
2024-11-18 14:11:55,803 [Worker-13: Building] INFO  o.e.m.c.i.l.LifecycleMappingFactory - Using org.eclipse.m2e.jdt.JarLifecycleMapping lifecycle mapping for MavenProject: com.cts:spring-didemo:0.0.1-SNAPSHOT @ C:\Cognizant\ongoing\SpringBootMicroservices_1430to1630_13Nov24_27Dec24\WS\spring-didemo\pom.xml.
2024-11-18 14:11:55,904 [Worker-13: Building] WARN  o.e.m.c.i.embedder.EclipseLogger - Using platform encoding (Cp1252 actually) to copy filtered resources, i.e. build is platform dependent!
2024-11-18 14:11:55,905 [Worker-13: Building] INFO  o.e.m.c.i.embedder.EclipseLogger - Copying 0 resource
2024-11-18 14:11:55,908 [Worker-13: Building] WARN  o.e.m.c.i.embedder.EclipseLogger - Using platform encoding (Cp1252 actually) to copy filtered resources, i.e. build is platform dependent!
2024-11-18 14:11:55,909 [Worker-13: Building] INFO  o.e.m.c.i.embedder.EclipseLogger - Copying 0 resource
2024-11-18 14:19:38,714 [Worker-18: Updating Maven Project] INFO  o.e.m.c.i.p.ProjectConfigurationManager - Update started
2024-11-18 14:19:38,863 [Worker-18: Updating Maven Project] INFO  o.e.m.c.i.l.LifecycleMappingFactory - Using org.eclipse.m2e.jdt.JarLifecycleMapping lifecycle mapping for MavenProject: com.cts:spring-didemo:0.0.1-SNAPSHOT @ C:\Cognizant\ongoing\SpringBootMicroservices_1430to1630_13Nov24_27Dec24\WS\spring-didemo\pom.xml.
2024-11-18 14:19:38,932 [Worker-18: Updating Maven Project] INFO  o.e.m.j.i.AbstractJavaProjectConfigurator - Adding source folder /spring-didemo/src/main/java
2024-11-18 14:19:38,933 [Worker-18: Updating Maven Project] INFO  o.e.m.j.i.AbstractJavaProjectConfigurator - Adding resource folder /spring-didemo/src/main/resources
2024-11-18 14:19:38,933 [Worker-18: Updating Maven Project] INFO  o.e.m.j.i.AbstractJavaProjectConfigurator - Adding source folder /spring-didemo/src/test/java
2024-11-18 14:19:38,934 [Worker-18: Updating Maven Project] INFO  o.e.m.j.i.AbstractJavaProjectConfigurator - Adding resource folder /spring-didemo/src/test/resources
2024-11-18 14:19:39,051 [Worker-18: Updating Maven Project] INFO  o.e.m.c.i.p.ProjectConfigurationManager - Update completed for 1 poms: local refresh takes 0.00 sec, refresh facades takes 0.00 sec, update config takes 0.00 sec 
2024-11-18 14:19:39,224 [Worker-19: Building] WARN  o.e.m.c.i.embedder.EclipseLogger - Using platform encoding (Cp1252 actually) to copy filtered resources, i.e. build is platform dependent!
2024-11-18 14:19:39,226 [Worker-19: Building] INFO  o.e.m.c.i.embedder.EclipseLogger - Copying 0 resource
2024-11-18 14:19:39,227 [Worker-19: Building] WARN  o.e.m.c.i.embedder.EclipseLogger - Using platform encoding (Cp1252 actually) to copy filtered resources, i.e. build is platform dependent!
2024-11-18 14:19:39,229 [Worker-19: Building] INFO  o.e.m.c.i.embedder.EclipseLogger - Copying 0 resource
2024-11-18 14:22:48,214 [Worker-22: Building] WARN  o.e.m.c.i.embedder.EclipseLogger - Using platform encoding (Cp1252 actually) to copy filtered resources, i.e. build is platform dependent!
2024-11-18 14:22:48,218 [Worker-22: Building] INFO  o.e.m.c.i.embedder.EclipseLogger - Copying 0 resource
2024-11-18 14:22:48,222 [Worker-22: Building] WARN  o.e.m.c.i.embedder.EclipseLogger - Using platform encoding (Cp1252 actually) to copy filtered resources, i.e. build is platform dependent!
2024-11-18 14:22:48,224 [Worker-22: Building] INFO  o.e.m.c.i.embedder.EclipseLogger - Copying 0 resource
2024-11-18 14:22:49,286 [Worker-20: Building] WARN  o.e.m.c.i.embedder.EclipseLogger - Using platform encoding (Cp1252 actually) to copy filtered resources, i.e. build is platform dependent!
2024-11-18 14:22:49,288 [Worker-20: Building] INFO  o.e.m.c.i.embedder.EclipseLogger - Copying 0 resource
2024-11-18 14:22:49,290 [Worker-20: Building] WARN  o.e.m.c.i.embedder.EclipseLogger - Using platform encoding (Cp1252 actually) to copy filtered resources, i.e. build is platform dependent!
2024-11-18 14:22:49,292 [Worker-20: Building] INFO  o.e.m.c.i.embedder.EclipseLogger - Copying 0 resource
2024-11-18 14:36:52,423 [Worker-25: Building] WARN  o.e.m.c.i.embedder.EclipseLogger - Using platform encoding (Cp1252 actually) to copy filtered resources, i.e. build is platform dependent!
2024-11-18 14:36:52,425 [Worker-25: Building] INFO  o.e.m.c.i.embedder.EclipseLogger - Copying 0 resource
2024-11-18 14:36:52,429 [Worker-25: Building] WARN  o.e.m.c.i.embedder.EclipseLogger - Using platform encoding (Cp1252 actually) to copy filtered resources, i.e. build is platform dependent!
2024-11-18 14:36:52,430 [Worker-25: Building] INFO  o.e.m.c.i.embedder.EclipseLogger - Copying 0 resource
2024-11-18 14:41:53,108 [Worker-26: Building] WARN  o.e.m.c.i.embedder.EclipseLogger - Using platform encoding (Cp1252 actually) to copy filtered resources, i.e. build is platform dependent!
2024-11-18 14:41:53,109 [Worker-26: Building] INFO  o.e.m.c.i.embedder.EclipseLogger - Copying 0 resource
2024-11-18 14:41:53,111 [Worker-26: Building] WARN  o.e.m.c.i.embedder.EclipseLogger - Using platform encoding (Cp1252 actually) to copy filtered resources, i.e. build is platform dependent!
2024-11-18 14:41:53,113 [Worker-26: Building] INFO  o.e.m.c.i.embedder.EclipseLogger - Copying 0 resource
2024-11-18 14:42:08,177 [Worker-25: Launching SpringDIDemoApplication] WARN  o.e.m.c.i.embedder.EclipseLogger - Using platform encoding (Cp1252 actually) to copy filtered resources, i.e. build is platform dependent!
2024-11-18 14:42:08,178 [Worker-25: Launching SpringDIDemoApplication] INFO  o.e.m.c.i.embedder.EclipseLogger - Copying 0 resource
2024-11-18 14:42:08,182 [Worker-25: Launching SpringDIDemoApplication] WARN  o.e.m.c.i.embedder.EclipseLogger - Using platform encoding (Cp1252 actually) to copy filtered resources, i.e. build is platform dependent!
2024-11-18 14:42:08,183 [Worker-25: Launching SpringDIDemoApplication] INFO  o.e.m.c.i.embedder.EclipseLogger - Copying 0 resource
2024-11-18 14:43:01,850 [Worker-29: Launching SpringDIDemoApplication] WARN  o.e.m.c.i.embedder.EclipseLogger - Using platform encoding (Cp1252 actually) to copy filtered resources, i.e. build is platform dependent!
2024-11-18 14:43:01,853 [Worker-29: Launching SpringDIDemoApplication] INFO  o.e.m.c.i.embedder.EclipseLogger - Copying 0 resource
2024-11-18 14:43:01,856 [Worker-29: Launching SpringDIDemoApplication] WARN  o.e.m.c.i.embedder.EclipseLogger - Using platform encoding (Cp1252 actually) to copy filtered resources, i.e. build is platform dependent!
2024-11-18 14:43:01,857 [Worker-29: Launching SpringDIDemoApplication] INFO  o.e.m.c.i.embedder.EclipseLogger - Copying 0 resource
2024-11-18 14:52:39,686 [Worker-35: Building] WARN  o.e.m.c.i.embedder.EclipseLogger - Using platform encoding (Cp1252 actually) to copy filtered resources, i.e. build is platform dependent!
2024-11-18 14:52:39,688 [Worker-35: Building] INFO  o.e.m.c.i.embedder.EclipseLogger - Copying 0 resource
2024-11-18 14:52:39,690 [Worker-35: Building] WARN  o.e.m.c.i.embedder.EclipseLogger - Using platform encoding (Cp1252 actually) to copy filtered resources, i.e. build is platform dependent!
2024-11-18 14:52:39,691 [Worker-35: Building] INFO  o.e.m.c.i.embedder.EclipseLogger - Copying 0 resource
2024-11-18 14:57:03,850 [Worker-36: Building] WARN  o.e.m.c.i.embedder.EclipseLogger - Using platform encoding (Cp1252 actually) to copy filtered resources, i.e. build is platform dependent!
2024-11-18 14:57:03,851 [Worker-36: Building] INFO  o.e.m.c.i.embedder.EclipseLogger - Copying 1 resource
2024-11-18 14:57:03,857 [Worker-36: Building] WARN  o.e.m.c.i.embedder.EclipseLogger - Using platform encoding (Cp1252 actually) to copy filtered resources, i.e. build is platform dependent!
2024-11-18 14:57:03,859 [Worker-36: Building] INFO  o.e.m.c.i.embedder.EclipseLogger - Copying 0 resource
2024-11-18 14:57:38,259 [Worker-37: Building] WARN  o.e.m.c.i.embedder.EclipseLogger - Using platform encoding (Cp1252 actually) to copy filtered resources, i.e. build is platform dependent!
2024-11-18 14:57:38,260 [Worker-37: Building] INFO  o.e.m.c.i.embedder.EclipseLogger - Copying 1 resource
2024-11-18 14:57:38,262 [Worker-37: Building] WARN  o.e.m.c.i.embedder.EclipseLogger - Using platform encoding (Cp1252 actually) to copy filtered resources, i.e. build is platform dependent!
2024-11-18 14:57:38,263 [Worker-37: Building] INFO  o.e.m.c.i.embedder.EclipseLogger - Copying 0 resource
2024-11-18 14:57:53,245 [Worker-39: Building] WARN  o.e.m.c.i.embedder.EclipseLogger - Using platform encoding (Cp1252 actually) to copy filtered resources, i.e. build is platform dependent!
2024-11-18 14:57:53,247 [Worker-39: Building] INFO  o.e.m.c.i.embedder.EclipseLogger - Copying 1 resource
2024-11-18 14:57:53,248 [Worker-39: Building] WARN  o.e.m.c.i.embedder.EclipseLogger - Using platform encoding (Cp1252 actually) to copy filtered resources, i.e. build is platform dependent!
2024-11-18 14:57:53,249 [Worker-39: Building] INFO  o.e.m.c.i.embedder.EclipseLogger - Copying 0 resource
2024-11-18 15:02:47,340 [Worker-38: Building] WARN  o.e.m.c.i.embedder.EclipseLogger - Using platform encoding (Cp1252 actually) to copy filtered resources, i.e. build is platform dependent!
2024-11-18 15:02:47,341 [Worker-38: Building] INFO  o.e.m.c.i.embedder.EclipseLogger - Copying 1 resource
2024-11-18 15:02:47,342 [Worker-38: Building] WARN  o.e.m.c.i.embedder.EclipseLogger - Using platform encoding (Cp1252 actually) to copy filtered resources, i.e. build is platform dependent!
2024-11-18 15:02:47,343 [Worker-38: Building] INFO  o.e.m.c.i.embedder.EclipseLogger - Copying 0 resource
2024-11-18 15:03:07,010 [Worker-42: Building] WARN  o.e.m.c.i.embedder.EclipseLogger - Using platform encoding (Cp1252 actually) to copy filtered resources, i.e. build is platform dependent!
2024-11-18 15:03:07,011 [Worker-42: Building] INFO  o.e.m.c.i.embedder.EclipseLogger - Copying 1 resource
2024-11-18 15:03:07,013 [Worker-42: Building] WARN  o.e.m.c.i.embedder.EclipseLogger - Using platform encoding (Cp1252 actually) to copy filtered resources, i.e. build is platform dependent!
2024-11-18 15:03:07,013 [Worker-42: Building] INFO  o.e.m.c.i.embedder.EclipseLogger - Copying 0 resource
2024-11-18 15:03:47,845 [Worker-42: Building] WARN  o.e.m.c.i.embedder.EclipseLogger - Using platform encoding (Cp1252 actually) to copy filtered resources, i.e. build is platform dependent!
2024-11-18 15:03:47,846 [Worker-42: Building] INFO  o.e.m.c.i.embedder.EclipseLogger - Copying 1 resource
2024-11-18 15:03:47,848 [Worker-42: Building] WARN  o.e.m.c.i.embedder.EclipseLogger - Using platform encoding (Cp1252 actually) to copy filtered resources, i.e. build is platform dependent!
2024-11-18 15:03:47,849 [Worker-42: Building] INFO  o.e.m.c.i.embedder.EclipseLogger - Copying 0 resource
2024-11-18 15:04:40,691 [Worker-38: Building] WARN  o.e.m.c.i.embedder.EclipseLogger - Using platform encoding (Cp1252 actually) to copy filtered resources, i.e. build is platform dependent!
2024-11-18 15:04:40,692 [Worker-38: Building] INFO  o.e.m.c.i.embedder.EclipseLogger - Copying 1 resource
2024-11-18 15:04:40,693 [Worker-38: Building] WARN  o.e.m.c.i.embedder.EclipseLogger - Using platform encoding (Cp1252 actually) to copy filtered resources, i.e. build is platform dependent!
2024-11-18 15:04:40,694 [Worker-38: Building] INFO  o.e.m.c.i.embedder.EclipseLogger - Copying 0 resource
2024-11-18 15:10:46,242 [Worker-45: Building] WARN  o.e.m.c.i.embedder.EclipseLogger - Using platform encoding (Cp1252 actually) to copy filtered resources, i.e. build is platform dependent!
2024-11-18 15:10:46,244 [Worker-45: Building] INFO  o.e.m.c.i.embedder.EclipseLogger - Copying 1 resource
2024-11-18 15:10:46,247 [Worker-45: Building] WARN  o.e.m.c.i.embedder.EclipseLogger - Using platform encoding (Cp1252 actually) to copy filtered resources, i.e. build is platform dependent!
2024-11-18 15:10:46,248 [Worker-45: Building] INFO  o.e.m.c.i.embedder.EclipseLogger - Copying 0 resource
2024-11-18 15:20:09,688 [Worker-54: Building] WARN  o.e.m.c.i.embedder.EclipseLogger - Using platform encoding (Cp1252 actually) to copy filtered resources, i.e. build is platform dependent!
2024-11-18 15:20:09,689 [Worker-54: Building] INFO  o.e.m.c.i.embedder.EclipseLogger - Copying 1 resource
2024-11-18 15:20:09,690 [Worker-54: Building] WARN  o.e.m.c.i.embedder.EclipseLogger - Using platform encoding (Cp1252 actually) to copy filtered resources, i.e. build is platform dependent!
2024-11-18 15:20:09,692 [Worker-54: Building] INFO  o.e.m.c.i.embedder.EclipseLogger - Copying 0 resource
2024-11-18 15:21:16,778 [Worker-54: Building] WARN  o.e.m.c.i.embedder.EclipseLogger - Using platform encoding (Cp1252 actually) to copy filtered resources, i.e. build is platform dependent!
2024-11-18 15:21:16,779 [Worker-54: Building] INFO  o.e.m.c.i.embedder.EclipseLogger - Copying 1 resource
2024-11-18 15:21:16,780 [Worker-54: Building] WARN  o.e.m.c.i.embedder.EclipseLogger - Using platform encoding (Cp1252 actually) to copy filtered resources, i.e. build is platform dependent!
2024-11-18 15:21:16,780 [Worker-54: Building] INFO  o.e.m.c.i.embedder.EclipseLogger - Copying 0 resource
2024-11-18 15:21:21,806 [Worker-45: Building] WARN  o.e.m.c.i.embedder.EclipseLogger - Using platform encoding (Cp1252 actually) to copy filtered resources, i.e. build is platform dependent!
2024-11-18 15:21:21,808 [Worker-45: Building] INFO  o.e.m.c.i.embedder.EclipseLogger - Copying 1 resource
2024-11-18 15:21:21,809 [Worker-45: Building] WARN  o.e.m.c.i.embedder.EclipseLogger - Using platform encoding (Cp1252 actually) to copy filtered resources, i.e. build is platform dependent!
2024-11-18 15:21:21,810 [Worker-45: Building] INFO  o.e.m.c.i.embedder.EclipseLogger - Copying 0 resource
2024-11-18 15:21:32,324 [Worker-52: Building] WARN  o.e.m.c.i.embedder.EclipseLogger - Using platform encoding (Cp1252 actually) to copy filtered resources, i.e. build is platform dependent!
2024-11-18 15:21:32,325 [Worker-52: Building] INFO  o.e.m.c.i.embedder.EclipseLogger - Copying 1 resource
2024-11-18 15:21:32,326 [Worker-52: Building] WARN  o.e.m.c.i.embedder.EclipseLogger - Using platform encoding (Cp1252 actually) to copy filtered resources, i.e. build is platform dependent!
2024-11-18 15:21:32,328 [Worker-52: Building] INFO  o.e.m.c.i.embedder.EclipseLogger - Copying 0 resource
2024-11-18 15:39:57,083 [Worker-45: Building] WARN  o.e.m.c.i.embedder.EclipseLogger - Using platform encoding (Cp1252 actually) to copy filtered resources, i.e. build is platform dependent!
2024-11-18 15:39:57,084 [Worker-45: Building] INFO  o.e.m.c.i.embedder.EclipseLogger - Copying 1 resource
2024-11-18 15:39:57,085 [Worker-45: Building] WARN  o.e.m.c.i.embedder.EclipseLogger - Using platform encoding (Cp1252 actually) to copy filtered resources, i.e. build is platform dependent!
2024-11-18 15:39:57,086 [Worker-45: Building] INFO  o.e.m.c.i.embedder.EclipseLogger - Copying 0 resource
2024-11-18 15:41:48,795 [Worker-57: Building] WARN  o.e.m.c.i.embedder.EclipseLogger - Using platform encoding (Cp1252 actually) to copy filtered resources, i.e. build is platform dependent!
2024-11-18 15:41:48,798 [Worker-57: Building] INFO  o.e.m.c.i.embedder.EclipseLogger - Copying 1 resource
2024-11-18 15:41:48,799 [Worker-57: Building] WARN  o.e.m.c.i.embedder.EclipseLogger - Using platform encoding (Cp1252 actually) to copy filtered resources, i.e. build is platform dependent!
2024-11-18 15:41:48,800 [Worker-57: Building] INFO  o.e.m.c.i.embedder.EclipseLogger - Copying 0 resource
2024-11-18 15:51:44,384 [Worker-61: Building] WARN  o.e.m.c.i.embedder.EclipseLogger - Using platform encoding (Cp1252 actually) to copy filtered resources, i.e. build is platform dependent!
2024-11-18 15:51:44,385 [Worker-61: Building] INFO  o.e.m.c.i.embedder.EclipseLogger - Copying 1 resource
2024-11-18 15:51:44,386 [Worker-61: Building] WARN  o.e.m.c.i.embedder.EclipseLogger - Using platform encoding (Cp1252 actually) to copy filtered resources, i.e. build is platform dependent!
2024-11-18 15:51:44,387 [Worker-61: Building] INFO  o.e.m.c.i.embedder.EclipseLogger - Copying 0 resource
2024-11-18 15:51:50,036 [Worker-60: Building] WARN  o.e.m.c.i.embedder.EclipseLogger - Using platform encoding (Cp1252 actually) to copy filtered resources, i.e. build is platform dependent!
2024-11-18 15:51:50,039 [Worker-60: Building] INFO  o.e.m.c.i.embedder.EclipseLogger - Copying 1 resource
2024-11-18 15:51:50,040 [Worker-60: Building] WARN  o.e.m.c.i.embedder.EclipseLogger - Using platform encoding (Cp1252 actually) to copy filtered resources, i.e. build is platform dependent!
2024-11-18 15:51:50,040 [Worker-60: Building] INFO  o.e.m.c.i.embedder.EclipseLogger - Copying 0 resource
2024-11-19 14:03:44,143 [Worker-4: Loading available Gradle versions] INFO  o.e.b.c.i.u.g.PublishedGradleVersions - Gradle version information cache is up-to-date. Trying to read.
2024-11-19 14:23:50,529 [Worker-11: Building] WARN  o.e.m.c.i.embedder.EclipseLogger - Using platform encoding (Cp1252 actually) to copy filtered resources, i.e. build is platform dependent!
2024-11-19 14:23:50,540 [Worker-11: Building] INFO  o.e.m.c.i.embedder.EclipseLogger - Copying 1 resource
2024-11-19 14:23:50,550 [Worker-11: Building] WARN  o.e.m.c.i.embedder.EclipseLogger - Using platform encoding (Cp1252 actually) to copy filtered resources, i.e. build is platform dependent!
2024-11-19 14:23:50,551 [Worker-11: Building] INFO  o.e.m.c.i.embedder.EclipseLogger - Copying 0 resource
2024-11-19 14:24:56,585 [Worker-12: Building] WARN  o.e.m.c.i.embedder.EclipseLogger - Using platform encoding (Cp1252 actually) to copy filtered resources, i.e. build is platform dependent!
2024-11-19 14:24:56,588 [Worker-12: Building] INFO  o.e.m.c.i.embedder.EclipseLogger - Copying 1 resource
2024-11-19 14:24:56,590 [Worker-12: Building] WARN  o.e.m.c.i.embedder.EclipseLogger - Using platform encoding (Cp1252 actually) to copy filtered resources, i.e. build is platform dependent!
2024-11-19 14:24:56,591 [Worker-12: Building] INFO  o.e.m.c.i.embedder.EclipseLogger - Copying 0 resource
2024-11-19 14:28:23,505 [Worker-13: Building] WARN  o.e.m.c.i.embedder.EclipseLogger - Using platform encoding (Cp1252 actually) to copy filtered resources, i.e. build is platform dependent!
2024-11-19 14:28:23,506 [Worker-13: Building] INFO  o.e.m.c.i.embedder.EclipseLogger - Copying 1 resource
2024-11-19 14:28:23,508 [Worker-13: Building] WARN  o.e.m.c.i.embedder.EclipseLogger - Using platform encoding (Cp1252 actually) to copy filtered resources, i.e. build is platform dependent!
2024-11-19 14:28:23,509 [Worker-13: Building] INFO  o.e.m.c.i.embedder.EclipseLogger - Copying 0 resource
2024-11-19 14:29:05,695 [Worker-16: Building] WARN  o.e.m.c.i.embedder.EclipseLogger - Using platform encoding (Cp1252 actually) to copy filtered resources, i.e. build is platform dependent!
2024-11-19 14:29:05,696 [Worker-16: Building] INFO  o.e.m.c.i.embedder.EclipseLogger - Copying 1 resource
2024-11-19 14:29:05,697 [Worker-16: Building] WARN  o.e.m.c.i.embedder.EclipseLogger - Using platform encoding (Cp1252 actually) to copy filtered resources, i.e. build is platform dependent!
2024-11-19 14:29:05,698 [Worker-16: Building] INFO  o.e.m.c.i.embedder.EclipseLogger - Copying 0 resource
2024-11-19 14:35:56,065 [Worker-17: Building] WARN  o.e.m.c.i.embedder.EclipseLogger - Using platform encoding (Cp1252 actually) to copy filtered resources, i.e. build is platform dependent!
2024-11-19 14:35:56,068 [Worker-17: Building] INFO  o.e.m.c.i.embedder.EclipseLogger - Copying 1 resource
2024-11-19 14:35:56,070 [Worker-17: Building] WARN  o.e.m.c.i.embedder.EclipseLogger - Using platform encoding (Cp1252 actually) to copy filtered resources, i.e. build is platform dependent!
2024-11-19 14:35:56,071 [Worker-17: Building] INFO  o.e.m.c.i.embedder.EclipseLogger - Copying 0 resource
2024-11-19 14:38:15,198 [Worker-20: Building] WARN  o.e.m.c.i.embedder.EclipseLogger - Using platform encoding (Cp1252 actually) to copy filtered resources, i.e. build is platform dependent!
2024-11-19 14:38:15,200 [Worker-20: Building] INFO  o.e.m.c.i.embedder.EclipseLogger - Copying 1 resource
2024-11-19 14:38:15,202 [Worker-20: Building] WARN  o.e.m.c.i.embedder.EclipseLogger - Using platform encoding (Cp1252 actually) to copy filtered resources, i.e. build is platform dependent!
2024-11-19 14:38:15,203 [Worker-20: Building] INFO  o.e.m.c.i.embedder.EclipseLogger - Copying 0 resource
2024-11-20 14:08:17,679 [Worker-4: Loading available Gradle versions] INFO  o.e.b.c.i.u.g.PublishedGradleVersions - Gradle version information cache is out-of-date. Trying to update.
2024-11-20 14:48:47,825 [Worker-9: Import Getting Started Content] INFO  o.e.m.c.i.l.LifecycleMappingFactory - Using org.eclipse.m2e.jdt.JarLifecycleMapping lifecycle mapping for MavenProject: com.cts:spring-boot-demo:0.0.1-SNAPSHOT @ C:\Cognizant\ongoing\SpringBootMicroservices_1430to1630_13Nov24_27Dec24\WS\spring-boot-demo\pom.xml.
2024-11-20 14:48:49,191 [Worker-9: Import Getting Started Content] INFO  o.e.m.j.i.AbstractJavaProjectConfigurator - Adding source folder /spring-boot-demo/src/main/java
2024-11-20 14:48:49,192 [Worker-9: Import Getting Started Content] INFO  o.e.m.j.i.AbstractJavaProjectConfigurator - Adding resource folder /spring-boot-demo/src/main/resources
2024-11-20 14:48:49,194 [Worker-9: Import Getting Started Content] INFO  o.e.m.j.i.AbstractJavaProjectConfigurator - Adding resource folder /spring-boot-demo/src/main/resources
2024-11-20 14:48:49,197 [Worker-9: Import Getting Started Content] INFO  o.e.m.j.i.AbstractJavaProjectConfigurator - Adding source folder /spring-boot-demo/src/test/java
2024-11-20 14:48:49,651 [Worker-9: Import Getting Started Content] INFO  o.e.m.c.i.p.ProjectConfigurationManager - Imported and configured 1 project(s) in 3 sec
2024-11-20 14:48:49,654 [Worker-9: Import Getting Started Content] INFO  o.e.m.c.i.p.ProjectConfigurationManager - Update started
2024-11-20 14:48:49,914 [Worker-9: Import Getting Started Content] INFO  o.e.m.c.i.l.LifecycleMappingFactory - Using org.eclipse.m2e.jdt.JarLifecycleMapping lifecycle mapping for MavenProject: com.cts:spring-boot-demo:0.0.1-SNAPSHOT @ C:\Cognizant\ongoing\SpringBootMicroservices_1430to1630_13Nov24_27Dec24\WS\spring-boot-demo\pom.xml.
2024-11-20 14:48:50,125 [Worker-9: Import Getting Started Content] INFO  o.e.m.j.i.AbstractJavaProjectConfigurator - Adding source folder /spring-boot-demo/src/main/java
2024-11-20 14:48:50,125 [Worker-9: Import Getting Started Content] INFO  o.e.m.j.i.AbstractJavaProjectConfigurator - Adding resource folder /spring-boot-demo/src/main/resources
2024-11-20 14:48:50,125 [Worker-9: Import Getting Started Content] INFO  o.e.m.j.i.AbstractJavaProjectConfigurator - Adding resource folder /spring-boot-demo/src/main/resources
2024-11-20 14:48:50,126 [Worker-9: Import Getting Started Content] INFO  o.e.m.j.i.AbstractJavaProjectConfigurator - Adding source folder /spring-boot-demo/src/test/java
2024-11-20 14:48:50,621 [Worker-9: Import Getting Started Content] INFO  o.e.m.c.i.p.ProjectConfigurationManager - Update completed for 1 poms: local refresh takes 0.00 sec, refresh facades takes 0.00 sec, update config takes 0.00 sec 
2024-11-20 16:02:36,281 [main] INFO  o.e.m2e.actions.ExecutePomAction - Creating new launch configuration
2024-11-20 16:02:43,069 [Worker-35: Launching spring-boot-demo] INFO  o.eclipse.m2e.core.internal.Bundles - getClasspathEntries(Bundle=org.eclipse.m2e.maven.runtime_3.8.604.20221130-2149 [345])
2024-11-20 16:02:43,076 [Worker-35: Launching spring-boot-demo] INFO  o.eclipse.m2e.core.internal.Bundles - 	Entry: C:\sts-4.17.2.RELEASE\plugins\org.eclipse.m2e.maven.runtime_3.8.604.20221130-2149
2024-11-20 16:02:43,076 [Worker-35: Launching spring-boot-demo] INFO  o.eclipse.m2e.core.internal.Bundles - 	Entry: C:\sts-4.17.2.RELEASE\plugins\org.eclipse.m2e.maven.runtime_3.8.604.20221130-2149\jars\aether-connector-okhttp-0.17.8.jar
2024-11-20 16:02:43,077 [Worker-35: Launching spring-boot-demo] INFO  o.eclipse.m2e.core.internal.Bundles - 	Entry: C:\sts-4.17.2.RELEASE\plugins\org.eclipse.m2e.maven.runtime_3.8.604.20221130-2149\jars\commons-cli-1.4.jar
2024-11-20 16:02:43,077 [Worker-35: Launching spring-boot-demo] INFO  o.eclipse.m2e.core.internal.Bundles - 	Entry: C:\sts-4.17.2.RELEASE\plugins\org.eclipse.m2e.maven.runtime_3.8.604.20221130-2149\jars\commons-io-2.6.jar
2024-11-20 16:02:43,077 [Worker-35: Launching spring-boot-demo] INFO  o.eclipse.m2e.core.internal.Bundles - 	Entry: C:\sts-4.17.2.RELEASE\plugins\org.eclipse.m2e.maven.runtime_3.8.604.20221130-2149\jars\commons-lang3-3.8.1.jar
2024-11-20 16:02:43,077 [Worker-35: Launching spring-boot-demo] INFO  o.eclipse.m2e.core.internal.Bundles - 	Entry: C:\sts-4.17.2.RELEASE\plugins\org.eclipse.m2e.maven.runtime_3.8.604.20221130-2149\jars\guice-4.2.2-no_aop.jar
2024-11-20 16:02:43,077 [Worker-35: Launching spring-boot-demo] INFO  o.eclipse.m2e.core.internal.Bundles - 	Entry: C:\sts-4.17.2.RELEASE\plugins\org.eclipse.m2e.maven.runtime_3.8.604.20221130-2149\jars\jansi-2.4.0.jar
2024-11-20 16:02:43,077 [Worker-35: Launching spring-boot-demo] INFO  o.eclipse.m2e.core.internal.Bundles - 	Entry: C:\sts-4.17.2.RELEASE\plugins\org.eclipse.m2e.maven.runtime_3.8.604.20221130-2149\jars\maven-artifact-3.8.6.jar
2024-11-20 16:02:43,077 [Worker-35: Launching spring-boot-demo] INFO  o.eclipse.m2e.core.internal.Bundles - 	Entry: C:\sts-4.17.2.RELEASE\plugins\org.eclipse.m2e.maven.runtime_3.8.604.20221130-2149\jars\maven-builder-support-3.8.6.jar
2024-11-20 16:02:43,077 [Worker-35: Launching spring-boot-demo] INFO  o.eclipse.m2e.core.internal.Bundles - 	Entry: C:\sts-4.17.2.RELEASE\plugins\org.eclipse.m2e.maven.runtime_3.8.604.20221130-2149\jars\maven-compat-3.8.6.jar
2024-11-20 16:02:43,078 [Worker-35: Launching spring-boot-demo] INFO  o.eclipse.m2e.core.internal.Bundles - 	Entry: C:\sts-4.17.2.RELEASE\plugins\org.eclipse.m2e.maven.runtime_3.8.604.20221130-2149\jars\maven-core-3.8.6.jar
2024-11-20 16:02:43,078 [Worker-35: Launching spring-boot-demo] INFO  o.eclipse.m2e.core.internal.Bundles - 	Entry: C:\sts-4.17.2.RELEASE\plugins\org.eclipse.m2e.maven.runtime_3.8.604.20221130-2149\jars\maven-embedder-3.8.6.jar
2024-11-20 16:02:43,078 [Worker-35: Launching spring-boot-demo] INFO  o.eclipse.m2e.core.internal.Bundles - 	Entry: C:\sts-4.17.2.RELEASE\plugins\org.eclipse.m2e.maven.runtime_3.8.604.20221130-2149\jars\maven-model-3.8.6.jar
2024-11-20 16:02:43,078 [Worker-35: Launching spring-boot-demo] INFO  o.eclipse.m2e.core.internal.Bundles - 	Entry: C:\sts-4.17.2.RELEASE\plugins\org.eclipse.m2e.maven.runtime_3.8.604.20221130-2149\jars\maven-model-builder-3.8.6.jar
2024-11-20 16:02:43,078 [Worker-35: Launching spring-boot-demo] INFO  o.eclipse.m2e.core.internal.Bundles - 	Entry: C:\sts-4.17.2.RELEASE\plugins\org.eclipse.m2e.maven.runtime_3.8.604.20221130-2149\jars\maven-plugin-api-3.8.6.jar
2024-11-20 16:02:43,078 [Worker-35: Launching spring-boot-demo] INFO  o.eclipse.m2e.core.internal.Bundles - 	Entry: C:\sts-4.17.2.RELEASE\plugins\org.eclipse.m2e.maven.runtime_3.8.604.20221130-2149\jars\maven-repository-metadata-3.8.6.jar
2024-11-20 16:02:43,078 [Worker-35: Launching spring-boot-demo] INFO  o.eclipse.m2e.core.internal.Bundles - 	Entry: C:\sts-4.17.2.RELEASE\plugins\org.eclipse.m2e.maven.runtime_3.8.604.20221130-2149\jars\maven-resolver-api-1.6.3.jar
2024-11-20 16:02:43,078 [Worker-35: Launching spring-boot-demo] INFO  o.eclipse.m2e.core.internal.Bundles - 	Entry: C:\sts-4.17.2.RELEASE\plugins\org.eclipse.m2e.maven.runtime_3.8.604.20221130-2149\jars\maven-resolver-connector-basic-1.6.3.jar
2024-11-20 16:02:43,078 [Worker-35: Launching spring-boot-demo] INFO  o.eclipse.m2e.core.internal.Bundles - 	Entry: C:\sts-4.17.2.RELEASE\plugins\org.eclipse.m2e.maven.runtime_3.8.604.20221130-2149\jars\maven-resolver-impl-1.6.3.jar
2024-11-20 16:02:43,078 [Worker-35: Launching spring-boot-demo] INFO  o.eclipse.m2e.core.internal.Bundles - 	Entry: C:\sts-4.17.2.RELEASE\plugins\org.eclipse.m2e.maven.runtime_3.8.604.20221130-2149\jars\maven-resolver-provider-3.8.6.jar
2024-11-20 16:02:43,079 [Worker-35: Launching spring-boot-demo] INFO  o.eclipse.m2e.core.internal.Bundles - 	Entry: C:\sts-4.17.2.RELEASE\plugins\org.eclipse.m2e.maven.runtime_3.8.604.20221130-2149\jars\maven-resolver-spi-1.6.3.jar
2024-11-20 16:02:43,079 [Worker-35: Launching spring-boot-demo] INFO  o.eclipse.m2e.core.internal.Bundles - 	Entry: C:\sts-4.17.2.RELEASE\plugins\org.eclipse.m2e.maven.runtime_3.8.604.20221130-2149\jars\maven-resolver-transport-wagon-1.6.3.jar
2024-11-20 16:02:43,079 [Worker-35: Launching spring-boot-demo] INFO  o.eclipse.m2e.core.internal.Bundles - 	Entry: C:\sts-4.17.2.RELEASE\plugins\org.eclipse.m2e.maven.runtime_3.8.604.20221130-2149\jars\maven-resolver-util-1.6.3.jar
2024-11-20 16:02:43,079 [Worker-35: Launching spring-boot-demo] INFO  o.eclipse.m2e.core.internal.Bundles - 	Entry: C:\sts-4.17.2.RELEASE\plugins\org.eclipse.m2e.maven.runtime_3.8.604.20221130-2149\jars\maven-settings-3.8.6.jar
2024-11-20 16:02:43,079 [Worker-35: Launching spring-boot-demo] INFO  o.eclipse.m2e.core.internal.Bundles - 	Entry: C:\sts-4.17.2.RELEASE\plugins\org.eclipse.m2e.maven.runtime_3.8.604.20221130-2149\jars\maven-settings-builder-3.8.6.jar
2024-11-20 16:02:43,079 [Worker-35: Launching spring-boot-demo] INFO  o.eclipse.m2e.core.internal.Bundles - 	Entry: C:\sts-4.17.2.RELEASE\plugins\org.eclipse.m2e.maven.runtime_3.8.604.20221130-2149\jars\maven-shared-utils-3.3.4.jar
2024-11-20 16:02:43,079 [Worker-35: Launching spring-boot-demo] INFO  o.eclipse.m2e.core.internal.Bundles - 	Entry: C:\sts-4.17.2.RELEASE\plugins\org.eclipse.m2e.maven.runtime_3.8.604.20221130-2149\jars\okhttp-3.14.1.jar
2024-11-20 16:02:43,079 [Worker-35: Launching spring-boot-demo] INFO  o.eclipse.m2e.core.internal.Bundles - 	Entry: C:\sts-4.17.2.RELEASE\plugins\org.eclipse.m2e.maven.runtime_3.8.604.20221130-2149\jars\okio-1.17.3.jar
2024-11-20 16:02:43,079 [Worker-35: Launching spring-boot-demo] INFO  o.eclipse.m2e.core.internal.Bundles - 	Entry: C:\sts-4.17.2.RELEASE\plugins\org.eclipse.m2e.maven.runtime_3.8.604.20221130-2149\jars\org.eclipse.sisu.inject-0.3.5.jar
2024-11-20 16:02:43,079 [Worker-35: Launching spring-boot-demo] INFO  o.eclipse.m2e.core.internal.Bundles - 	Entry: C:\sts-4.17.2.RELEASE\plugins\org.eclipse.m2e.maven.runtime_3.8.604.20221130-2149\jars\org.eclipse.sisu.plexus-0.3.5.jar
2024-11-20 16:02:43,079 [Worker-35: Launching spring-boot-demo] INFO  o.eclipse.m2e.core.internal.Bundles - 	Entry: C:\sts-4.17.2.RELEASE\plugins\org.eclipse.m2e.maven.runtime_3.8.604.20221130-2149\jars\plexus-build-api-0.0.7.jar
2024-11-20 16:02:43,079 [Worker-35: Launching spring-boot-demo] INFO  o.eclipse.m2e.core.internal.Bundles - 	Entry: C:\sts-4.17.2.RELEASE\plugins\org.eclipse.m2e.maven.runtime_3.8.604.20221130-2149\jars\plexus-cipher-2.0.jar
2024-11-20 16:02:43,080 [Worker-35: Launching spring-boot-demo] INFO  o.eclipse.m2e.core.internal.Bundles - 	Entry: C:\sts-4.17.2.RELEASE\plugins\org.eclipse.m2e.maven.runtime_3.8.604.20221130-2149\jars\plexus-classworlds-2.6.0.jar
2024-11-20 16:02:43,080 [Worker-35: Launching spring-boot-demo] INFO  o.eclipse.m2e.core.internal.Bundles - 	Entry: C:\sts-4.17.2.RELEASE\plugins\org.eclipse.m2e.maven.runtime_3.8.604.20221130-2149\jars\plexus-component-annotations-2.1.0.jar
2024-11-20 16:02:43,080 [Worker-35: Launching spring-boot-demo] INFO  o.eclipse.m2e.core.internal.Bundles - 	Entry: C:\sts-4.17.2.RELEASE\plugins\org.eclipse.m2e.maven.runtime_3.8.604.20221130-2149\jars\plexus-interpolation-1.26.jar
2024-11-20 16:02:43,080 [Worker-35: Launching spring-boot-demo] INFO  o.eclipse.m2e.core.internal.Bundles - 	Entry: C:\sts-4.17.2.RELEASE\plugins\org.eclipse.m2e.maven.runtime_3.8.604.20221130-2149\jars\plexus-sec-dispatcher-2.0.jar
2024-11-20 16:02:43,080 [Worker-35: Launching spring-boot-demo] INFO  o.eclipse.m2e.core.internal.Bundles - 	Entry: C:\sts-4.17.2.RELEASE\plugins\org.eclipse.m2e.maven.runtime_3.8.604.20221130-2149\jars\plexus-utils-3.3.1.jar
2024-11-20 16:02:43,080 [Worker-35: Launching spring-boot-demo] INFO  o.eclipse.m2e.core.internal.Bundles - 	Entry: C:\sts-4.17.2.RELEASE\plugins\org.eclipse.m2e.maven.runtime_3.8.604.20221130-2149\jars\wagon-file-3.5.1.jar
2024-11-20 16:02:43,080 [Worker-35: Launching spring-boot-demo] INFO  o.eclipse.m2e.core.internal.Bundles - 	Entry: C:\sts-4.17.2.RELEASE\plugins\org.eclipse.m2e.maven.runtime_3.8.604.20221130-2149\jars\wagon-provider-api-3.5.1.jar
2024-11-20 16:02:43,081 [Worker-35: Launching spring-boot-demo] INFO  o.eclipse.m2e.core.internal.Bundles - getClasspathEntries(Bundle=com.google.guava_30.1.0.v20221112-0806 [22])
2024-11-20 16:02:43,084 [Worker-35: Launching spring-boot-demo] INFO  o.eclipse.m2e.core.internal.Bundles - 	Entry: C:\sts-4.17.2.RELEASE\plugins\com.google.guava_30.1.0.v20221112-0806.jar
2024-11-20 16:02:43,084 [Worker-35: Launching spring-boot-demo] INFO  o.eclipse.m2e.core.internal.Bundles - getClasspathEntries(Bundle=slf4j.api_1.7.36 [584])
2024-11-20 16:02:43,086 [Worker-35: Launching spring-boot-demo] INFO  o.eclipse.m2e.core.internal.Bundles - 	Entry: C:\sts-4.17.2.RELEASE\plugins\slf4j.api_1.7.36.jar
2024-11-20 16:02:43,086 [Worker-35: Launching spring-boot-demo] INFO  o.eclipse.m2e.core.internal.Bundles - getClasspathEntries(Bundle=javax.inject_1.0.0.v20220405-0441 [49])
2024-11-20 16:02:43,089 [Worker-35: Launching spring-boot-demo] INFO  o.eclipse.m2e.core.internal.Bundles - 	Entry: C:\sts-4.17.2.RELEASE\plugins\javax.inject_1.0.0.v20220405-0441.jar
2024-11-20 16:02:43,089 [Worker-35: Launching spring-boot-demo] INFO  o.eclipse.m2e.core.internal.Bundles - getClasspathEntries(Bundle=javax.annotation_1.3.5.v20221112-0806 [47])
2024-11-20 16:02:43,090 [Worker-35: Launching spring-boot-demo] INFO  o.eclipse.m2e.core.internal.Bundles - 	Entry: C:\sts-4.17.2.RELEASE\plugins\javax.annotation_1.3.5.v20221112-0806.jar
2024-11-20 16:02:43,093 [Worker-35: Launching spring-boot-demo] INFO  o.e.m.i.launch.MavenLaunchDelegate - Run build in "C:\Cognizant\ongoing\SpringBootMicroservices_1430to1630_13Nov24_27Dec24\WS\spring-boot-demo":
2024-11-20 16:02:43,093 [Worker-35: Launching spring-boot-demo] INFO  o.e.m.i.launch.MavenLaunchDelegate -  mvn  -Ppom.xml -B -Dstyle.color=always  package
2024-11-20 16:04:52,885 [main] INFO  o.e.m2e.actions.ExecutePomAction - Using existing launch configuration
2024-11-20 16:04:52,898 [Worker-36: Launching spring-boot-demo] INFO  o.e.m.i.launch.MavenLaunchDelegate - Run build in "C:\Cognizant\ongoing\SpringBootMicroservices_1430to1630_13Nov24_27Dec24\WS\spring-boot-demo":
2024-11-20 16:04:52,898 [Worker-36: Launching spring-boot-demo] INFO  o.e.m.i.launch.MavenLaunchDelegate -  mvn  -Ppom.xml -B -Dstyle.color=always  package
2024-11-21 14:19:14,940 [Worker-5: Loading available Gradle versions] INFO  o.e.b.c.i.u.g.PublishedGradleVersions - Gradle version information cache is out-of-date. Trying to update.
2024-11-21 15:19:47,649 [Worker-12: Import Getting Started Content] INFO  o.e.m.c.i.l.LifecycleMappingFactory - Using org.eclipse.m2e.jdt.JarLifecycleMapping lifecycle mapping for MavenProject: com.cts:address-book-console-app:0.0.1-SNAPSHOT @ C:\Cognizant\ongoing\SpringBootMicroservices_1430to1630_13Nov24_27Dec24\WS\address-book-console-app\pom.xml.
2024-11-21 15:19:49,252 [Worker-12: Import Getting Started Content] INFO  o.e.m.j.i.AbstractJavaProjectConfigurator - Adding source folder /address-book-console-app/src/main/java
2024-11-21 15:19:49,252 [Worker-12: Import Getting Started Content] INFO  o.e.m.j.i.AbstractJavaProjectConfigurator - Adding resource folder /address-book-console-app/src/main/resources
2024-11-21 15:19:49,255 [Worker-12: Import Getting Started Content] INFO  o.e.m.j.i.AbstractJavaProjectConfigurator - Adding resource folder /address-book-console-app/src/main/resources
2024-11-21 15:19:49,257 [Worker-12: Import Getting Started Content] INFO  o.e.m.j.i.AbstractJavaProjectConfigurator - Adding source folder /address-book-console-app/src/test/java
2024-11-21 15:19:49,975 [Worker-12: Import Getting Started Content] INFO  o.e.m.c.i.p.ProjectConfigurationManager - Imported and configured 1 project(s) in 3 sec
2024-11-21 15:19:49,979 [Worker-12: Import Getting Started Content] INFO  o.e.m.c.i.p.ProjectConfigurationManager - Update started
2024-11-21 15:19:50,271 [Worker-12: Import Getting Started Content] INFO  o.e.m.c.i.l.LifecycleMappingFactory - Using org.eclipse.m2e.jdt.JarLifecycleMapping lifecycle mapping for MavenProject: com.cts:address-book-console-app:0.0.1-SNAPSHOT @ C:\Cognizant\ongoing\SpringBootMicroservices_1430to1630_13Nov24_27Dec24\WS\address-book-console-app\pom.xml.
2024-11-21 15:19:50,660 [Worker-12: Import Getting Started Content] INFO  o.e.m.j.i.AbstractJavaProjectConfigurator - Adding source folder /address-book-console-app/src/main/java
2024-11-21 15:19:50,661 [Worker-12: Import Getting Started Content] INFO  o.e.m.j.i.AbstractJavaProjectConfigurator - Adding resource folder /address-book-console-app/src/main/resources
2024-11-21 15:19:50,661 [Worker-12: Import Getting Started Content] INFO  o.e.m.j.i.AbstractJavaProjectConfigurator - Adding resource folder /address-book-console-app/src/main/resources
2024-11-21 15:19:50,662 [Worker-12: Import Getting Started Content] INFO  o.e.m.j.i.AbstractJavaProjectConfigurator - Adding source folder /address-book-console-app/src/test/java
2024-11-21 15:19:51,297 [Worker-12: Import Getting Started Content] INFO  o.e.m.c.i.p.ProjectConfigurationManager - Update completed for 1 poms: local refresh takes 0.00 sec, refresh facades takes 0.00 sec, update config takes 0.00 sec 
2024-11-22 14:09:07,326 [Worker-2: Loading available Gradle versions] INFO  o.e.b.c.i.u.g.PublishedGradleVersions - Gradle version information cache is up-to-date. Trying to read.
2024-11-22 14:25:06,827 [Worker-12: Building] INFO  o.a.m.s.f.DefaultMavenResourcesFiltering - Copying 1 resource from src\main\resources to target\classes
2024-11-22 14:25:06,849 [Worker-12: Building] INFO  o.a.m.s.f.DefaultMavenResourcesFiltering - Copying 0 resource from src\main\resources to target\classes
2024-11-22 14:25:06,852 [Worker-12: Building] INFO  o.a.m.s.f.DefaultMavenResourcesFiltering - skip non existing resourceDirectory C:\Cognizant\ongoing\SpringBootMicroservices_1430to1630_13Nov24_27Dec24\WS\address-book-console-app\src\test\resources
2024-11-22 14:26:42,796 [Worker-13: Building] INFO  o.a.m.s.f.DefaultMavenResourcesFiltering - Copying 1 resource from src\main\resources to target\classes
2024-11-22 14:26:42,804 [Worker-13: Building] INFO  o.a.m.s.f.DefaultMavenResourcesFiltering - Copying 0 resource from src\main\resources to target\classes
2024-11-22 14:26:42,810 [Worker-13: Building] INFO  o.a.m.s.f.DefaultMavenResourcesFiltering - skip non existing resourceDirectory C:\Cognizant\ongoing\SpringBootMicroservices_1430to1630_13Nov24_27Dec24\WS\address-book-console-app\src\test\resources
2024-11-22 14:27:07,090 [Worker-5: Building] INFO  o.a.m.s.f.DefaultMavenResourcesFiltering - Copying 1 resource from src\main\resources to target\classes
2024-11-22 14:27:07,098 [Worker-5: Building] INFO  o.a.m.s.f.DefaultMavenResourcesFiltering - Copying 0 resource from src\main\resources to target\classes
2024-11-22 14:27:07,102 [Worker-5: Building] INFO  o.a.m.s.f.DefaultMavenResourcesFiltering - skip non existing resourceDirectory C:\Cognizant\ongoing\SpringBootMicroservices_1430to1630_13Nov24_27Dec24\WS\address-book-console-app\src\test\resources
2024-11-22 14:33:22,668 [Worker-16: Building] INFO  o.a.m.s.f.DefaultMavenResourcesFiltering - Copying 1 resource from src\main\resources to target\classes
2024-11-22 14:33:22,681 [Worker-16: Building] INFO  o.a.m.s.f.DefaultMavenResourcesFiltering - Copying 0 resource from src\main\resources to target\classes
2024-11-22 14:33:22,686 [Worker-16: Building] INFO  o.a.m.s.f.DefaultMavenResourcesFiltering - skip non existing resourceDirectory C:\Cognizant\ongoing\SpringBootMicroservices_1430to1630_13Nov24_27Dec24\WS\address-book-console-app\src\test\resources
2024-11-22 14:35:47,618 [Worker-15: Building] INFO  o.a.m.s.f.DefaultMavenResourcesFiltering - Copying 1 resource from src\main\resources to target\classes
2024-11-22 14:35:47,626 [Worker-15: Building] INFO  o.a.m.s.f.DefaultMavenResourcesFiltering - Copying 0 resource from src\main\resources to target\classes
2024-11-22 14:35:47,629 [Worker-15: Building] INFO  o.a.m.s.f.DefaultMavenResourcesFiltering - skip non existing resourceDirectory C:\Cognizant\ongoing\SpringBootMicroservices_1430to1630_13Nov24_27Dec24\WS\address-book-console-app\src\test\resources
2024-11-22 14:37:03,466 [Worker-15: Building] INFO  o.a.m.s.f.DefaultMavenResourcesFiltering - Copying 1 resource from src\main\resources to target\classes
2024-11-22 14:37:03,471 [Worker-15: Building] INFO  o.a.m.s.f.DefaultMavenResourcesFiltering - Copying 0 resource from src\main\resources to target\classes
2024-11-22 14:37:03,474 [Worker-15: Building] INFO  o.a.m.s.f.DefaultMavenResourcesFiltering - skip non existing resourceDirectory C:\Cognizant\ongoing\SpringBootMicroservices_1430to1630_13Nov24_27Dec24\WS\address-book-console-app\src\test\resources
2024-11-22 14:37:53,002 [Worker-17: Building] INFO  o.a.m.s.f.DefaultMavenResourcesFiltering - Copying 1 resource from src\main\resources to target\classes
2024-11-22 14:37:53,008 [Worker-17: Building] INFO  o.a.m.s.f.DefaultMavenResourcesFiltering - Copying 0 resource from src\main\resources to target\classes
2024-11-22 14:37:53,010 [Worker-17: Building] INFO  o.a.m.s.f.DefaultMavenResourcesFiltering - skip non existing resourceDirectory C:\Cognizant\ongoing\SpringBootMicroservices_1430to1630_13Nov24_27Dec24\WS\address-book-console-app\src\test\resources
2024-11-22 14:52:03,785 [Worker-19: Building] INFO  o.a.m.s.f.DefaultMavenResourcesFiltering - Copying 1 resource from src\main\resources to target\classes
2024-11-22 14:52:03,793 [Worker-19: Building] INFO  o.a.m.s.f.DefaultMavenResourcesFiltering - Copying 0 resource from src\main\resources to target\classes
2024-11-22 14:52:03,798 [Worker-19: Building] INFO  o.a.m.s.f.DefaultMavenResourcesFiltering - skip non existing resourceDirectory C:\Cognizant\ongoing\SpringBootMicroservices_1430to1630_13Nov24_27Dec24\WS\address-book-console-app\src\test\resources
2024-11-22 14:56:15,621 [Worker-24: Building] INFO  o.a.m.s.f.DefaultMavenResourcesFiltering - Copying 1 resource from src\main\resources to target\classes
2024-11-22 14:56:15,627 [Worker-24: Building] INFO  o.a.m.s.f.DefaultMavenResourcesFiltering - Copying 0 resource from src\main\resources to target\classes
2024-11-22 14:56:15,629 [Worker-24: Building] INFO  o.a.m.s.f.DefaultMavenResourcesFiltering - skip non existing resourceDirectory C:\Cognizant\ongoing\SpringBootMicroservices_1430to1630_13Nov24_27Dec24\WS\address-book-console-app\src\test\resources
2024-11-22 14:56:51,173 [Worker-21: Building] INFO  o.a.m.s.f.DefaultMavenResourcesFiltering - Copying 1 resource from src\main\resources to target\classes
2024-11-22 14:56:51,178 [Worker-21: Building] INFO  o.a.m.s.f.DefaultMavenResourcesFiltering - Copying 0 resource from src\main\resources to target\classes
2024-11-22 14:56:51,180 [Worker-21: Building] INFO  o.a.m.s.f.DefaultMavenResourcesFiltering - skip non existing resourceDirectory C:\Cognizant\ongoing\SpringBootMicroservices_1430to1630_13Nov24_27Dec24\WS\address-book-console-app\src\test\resources
2024-11-22 15:00:27,096 [Worker-18: Building] INFO  o.a.m.s.f.DefaultMavenResourcesFiltering - Copying 1 resource from src\main\resources to target\classes
2024-11-22 15:00:27,103 [Worker-18: Building] INFO  o.a.m.s.f.DefaultMavenResourcesFiltering - Copying 0 resource from src\main\resources to target\classes
2024-11-22 15:00:27,106 [Worker-18: Building] INFO  o.a.m.s.f.DefaultMavenResourcesFiltering - skip non existing resourceDirectory C:\Cognizant\ongoing\SpringBootMicroservices_1430to1630_13Nov24_27Dec24\WS\address-book-console-app\src\test\resources
2024-11-22 15:01:27,460 [Worker-23: Building] INFO  o.a.m.s.f.DefaultMavenResourcesFiltering - Copying 1 resource from src\main\resources to target\classes
2024-11-22 15:01:27,465 [Worker-23: Building] INFO  o.a.m.s.f.DefaultMavenResourcesFiltering - Copying 0 resource from src\main\resources to target\classes
2024-11-22 15:01:27,467 [Worker-23: Building] INFO  o.a.m.s.f.DefaultMavenResourcesFiltering - skip non existing resourceDirectory C:\Cognizant\ongoing\SpringBootMicroservices_1430to1630_13Nov24_27Dec24\WS\address-book-console-app\src\test\resources
2024-11-22 15:05:30,597 [Worker-22: Building] INFO  o.a.m.s.f.DefaultMavenResourcesFiltering - Copying 1 resource from src\main\resources to target\classes
2024-11-22 15:05:30,605 [Worker-22: Building] INFO  o.a.m.s.f.DefaultMavenResourcesFiltering - Copying 0 resource from src\main\resources to target\classes
2024-11-22 15:05:30,607 [Worker-22: Building] INFO  o.a.m.s.f.DefaultMavenResourcesFiltering - skip non existing resourceDirectory C:\Cognizant\ongoing\SpringBootMicroservices_1430to1630_13Nov24_27Dec24\WS\address-book-console-app\src\test\resources
2024-11-22 15:05:36,433 [Worker-27: Building] INFO  o.a.m.s.f.DefaultMavenResourcesFiltering - Copying 1 resource from src\main\resources to target\classes
2024-11-22 15:05:36,439 [Worker-27: Building] INFO  o.a.m.s.f.DefaultMavenResourcesFiltering - Copying 0 resource from src\main\resources to target\classes
2024-11-22 15:05:36,441 [Worker-27: Building] INFO  o.a.m.s.f.DefaultMavenResourcesFiltering - skip non existing resourceDirectory C:\Cognizant\ongoing\SpringBootMicroservices_1430to1630_13Nov24_27Dec24\WS\address-book-console-app\src\test\resources
2024-11-22 15:06:49,075 [Worker-26: Building] INFO  o.a.m.s.f.DefaultMavenResourcesFiltering - Copying 1 resource from src\main\resources to target\classes
2024-11-22 15:06:49,081 [Worker-26: Building] INFO  o.a.m.s.f.DefaultMavenResourcesFiltering - Copying 0 resource from src\main\resources to target\classes
2024-11-22 15:06:49,084 [Worker-26: Building] INFO  o.a.m.s.f.DefaultMavenResourcesFiltering - skip non existing resourceDirectory C:\Cognizant\ongoing\SpringBootMicroservices_1430to1630_13Nov24_27Dec24\WS\address-book-console-app\src\test\resources
2024-11-22 15:07:28,460 [Worker-22: Building] INFO  o.a.m.s.f.DefaultMavenResourcesFiltering - Copying 1 resource from src\main\resources to target\classes
2024-11-22 15:07:28,464 [Worker-22: Building] INFO  o.a.m.s.f.DefaultMavenResourcesFiltering - Copying 0 resource from src\main\resources to target\classes
2024-11-22 15:07:28,466 [Worker-22: Building] INFO  o.a.m.s.f.DefaultMavenResourcesFiltering - skip non existing resourceDirectory C:\Cognizant\ongoing\SpringBootMicroservices_1430to1630_13Nov24_27Dec24\WS\address-book-console-app\src\test\resources
2024-11-22 15:07:34,547 [Worker-25: Building] INFO  o.a.m.s.f.DefaultMavenResourcesFiltering - Copying 1 resource from src\main\resources to target\classes
2024-11-22 15:07:34,552 [Worker-25: Building] INFO  o.a.m.s.f.DefaultMavenResourcesFiltering - Copying 0 resource from src\main\resources to target\classes
2024-11-22 15:07:34,553 [Worker-25: Building] INFO  o.a.m.s.f.DefaultMavenResourcesFiltering - skip non existing resourceDirectory C:\Cognizant\ongoing\SpringBootMicroservices_1430to1630_13Nov24_27Dec24\WS\address-book-console-app\src\test\resources
2024-11-22 15:13:35,927 [Worker-30: Building] INFO  o.a.m.s.f.DefaultMavenResourcesFiltering - Copying 1 resource from src\main\resources to target\classes
2024-11-22 15:13:35,933 [Worker-30: Building] INFO  o.a.m.s.f.DefaultMavenResourcesFiltering - Copying 0 resource from src\main\resources to target\classes
2024-11-22 15:13:35,935 [Worker-30: Building] INFO  o.a.m.s.f.DefaultMavenResourcesFiltering - skip non existing resourceDirectory C:\Cognizant\ongoing\SpringBootMicroservices_1430to1630_13Nov24_27Dec24\WS\address-book-console-app\src\test\resources
2024-11-22 15:46:08,936 [Worker-33: Building] INFO  o.a.m.s.f.DefaultMavenResourcesFiltering - Copying 1 resource from src\main\resources to target\classes
2024-11-22 15:46:09,079 [Worker-33: Building] INFO  o.a.m.s.f.DefaultMavenResourcesFiltering - Copying 0 resource from src\main\resources to target\classes
2024-11-22 15:46:09,085 [Worker-33: Building] INFO  o.a.m.s.f.DefaultMavenResourcesFiltering - skip non existing resourceDirectory C:\Cognizant\ongoing\SpringBootMicroservices_1430to1630_13Nov24_27Dec24\WS\address-book-console-app\src\test\resources
2024-11-22 15:49:50,385 [Worker-31: Building] INFO  o.a.m.s.f.DefaultMavenResourcesFiltering - Copying 1 resource from src\main\resources to target\classes
2024-11-22 15:49:50,398 [Worker-31: Building] INFO  o.a.m.s.f.DefaultMavenResourcesFiltering - Copying 0 resource from src\main\resources to target\classes
2024-11-22 15:49:50,402 [Worker-31: Building] INFO  o.a.m.s.f.DefaultMavenResourcesFiltering - skip non existing resourceDirectory C:\Cognizant\ongoing\SpringBootMicroservices_1430to1630_13Nov24_27Dec24\WS\address-book-console-app\src\test\resources
2024-11-25 14:22:32,896 [Worker-2: Loading available Gradle versions] INFO  o.e.b.c.i.u.g.PublishedGradleVersions - Gradle version information cache is up-to-date. Trying to read.
2024-11-26 14:20:27,790 [Worker-3: Loading available Gradle versions] INFO  o.e.b.c.i.u.g.PublishedGradleVersions - Gradle version information cache is up-to-date. Trying to read.
2024-11-26 14:27:25,997 [Worker-3: Import Getting Started Content] INFO  o.e.m.c.i.l.LifecycleMappingFactory - Using org.eclipse.m2e.jdt.JarLifecycleMapping lifecycle mapping for MavenProject: com.cts:address-book-rest-api:0.0.1-SNAPSHOT @ C:\Cognizant\ongoing\SpringBootMicroservices_1430to1630_13Nov24_27Dec24\WS\address-book-rest-api\pom.xml.
2024-11-26 14:27:27,678 [Worker-3: Import Getting Started Content] INFO  o.e.m.j.i.AbstractJavaProjectConfigurator - Adding source folder /address-book-rest-api/src/main/java
2024-11-26 14:27:27,678 [Worker-3: Import Getting Started Content] INFO  o.e.m.j.i.AbstractJavaProjectConfigurator - Adding resource folder /address-book-rest-api/src/main/resources
2024-11-26 14:27:27,681 [Worker-3: Import Getting Started Content] INFO  o.e.m.j.i.AbstractJavaProjectConfigurator - Adding resource folder /address-book-rest-api/src/main/resources
2024-11-26 14:27:27,684 [Worker-3: Import Getting Started Content] INFO  o.e.m.j.i.AbstractJavaProjectConfigurator - Adding source folder /address-book-rest-api/src/test/java
2024-11-26 14:27:28,386 [Worker-3: Import Getting Started Content] INFO  o.e.m.c.i.p.ProjectConfigurationManager - Imported and configured 1 project(s) in 3 sec
2024-11-26 14:27:28,389 [Worker-3: Import Getting Started Content] INFO  o.e.m.c.i.p.ProjectConfigurationManager - Update started
2024-11-26 14:27:28,559 [Worker-3: Import Getting Started Content] INFO  o.e.m.c.i.l.LifecycleMappingFactory - Using org.eclipse.m2e.jdt.JarLifecycleMapping lifecycle mapping for MavenProject: com.cts:address-book-rest-api:0.0.1-SNAPSHOT @ C:\Cognizant\ongoing\SpringBootMicroservices_1430to1630_13Nov24_27Dec24\WS\address-book-rest-api\pom.xml.
2024-11-26 14:27:28,938 [Worker-3: Import Getting Started Content] INFO  o.e.m.j.i.AbstractJavaProjectConfigurator - Adding source folder /address-book-rest-api/src/main/java
2024-11-26 14:27:28,938 [Worker-3: Import Getting Started Content] INFO  o.e.m.j.i.AbstractJavaProjectConfigurator - Adding resource folder /address-book-rest-api/src/main/resources
2024-11-26 14:27:28,939 [Worker-3: Import Getting Started Content] INFO  o.e.m.j.i.AbstractJavaProjectConfigurator - Adding resource folder /address-book-rest-api/src/main/resources
2024-11-26 14:27:28,939 [Worker-3: Import Getting Started Content] INFO  o.e.m.j.i.AbstractJavaProjectConfigurator - Adding source folder /address-book-rest-api/src/test/java
2024-11-26 14:27:29,579 [Worker-3: Import Getting Started Content] INFO  o.e.m.c.i.p.ProjectConfigurationManager - Update completed for 1 poms: local refresh takes 0.00 sec, refresh facades takes 0.00 sec, update config takes 0.00 sec 
2024-11-26 14:27:31,983 [Worker-3: Building] INFO  o.a.m.s.f.DefaultMavenResourcesFiltering - Copying 1 resource from src\main\resources to target\classes
2024-11-26 14:27:32,015 [Worker-3: Building] INFO  o.a.m.s.f.DefaultMavenResourcesFiltering - Copying 0 resource from src\main\resources to target\classes
2024-11-26 14:27:32,018 [Worker-3: Building] INFO  o.a.m.s.f.DefaultMavenResourcesFiltering - skip non existing resourceDirectory C:\Cognizant\ongoing\SpringBootMicroservices_1430to1630_13Nov24_27Dec24\WS\address-book-console-app\src\test\resources
2024-11-26 14:27:33,106 [Worker-3: Building] INFO  o.a.m.s.f.DefaultMavenResourcesFiltering - Copying 1 resource from src\main\resources to target\classes
2024-11-26 14:27:33,143 [Worker-3: Building] INFO  o.a.m.s.f.DefaultMavenResourcesFiltering - Copying 0 resource from src\main\resources to target\classes
2024-11-26 14:27:33,148 [Worker-3: Building] INFO  o.a.m.s.f.DefaultMavenResourcesFiltering - skip non existing resourceDirectory C:\Cognizant\ongoing\SpringBootMicroservices_1430to1630_13Nov24_27Dec24\WS\spring-boot-demo\src\test\resources
2024-11-26 14:27:33,651 [Worker-3: Building] WARN  o.e.m.c.i.embedder.EclipseLogger - Using platform encoding (Cp1252 actually) to copy filtered resources, i.e. build is platform dependent!
2024-11-26 14:27:33,652 [Worker-3: Building] INFO  o.e.m.c.i.embedder.EclipseLogger - Copying 1 resource
2024-11-26 14:27:33,668 [Worker-3: Building] WARN  o.e.m.c.i.embedder.EclipseLogger - Using platform encoding (Cp1252 actually) to copy filtered resources, i.e. build is platform dependent!
2024-11-26 14:27:33,670 [Worker-3: Building] INFO  o.e.m.c.i.embedder.EclipseLogger - Copying 0 resource
2024-11-26 15:51:42,507 [main] INFO  o.e.m2e.actions.ExecutePomAction - Creating new launch configuration
2024-11-26 15:51:51,646 [Worker-51: Launching address-book-rest-api] INFO  o.eclipse.m2e.core.internal.Bundles - getClasspathEntries(Bundle=org.eclipse.m2e.maven.runtime_3.8.604.20221130-2149 [345])
2024-11-26 15:51:51,651 [Worker-51: Launching address-book-rest-api] INFO  o.eclipse.m2e.core.internal.Bundles - 	Entry: C:\sts-4.17.2.RELEASE\plugins\org.eclipse.m2e.maven.runtime_3.8.604.20221130-2149
2024-11-26 15:51:51,651 [Worker-51: Launching address-book-rest-api] INFO  o.eclipse.m2e.core.internal.Bundles - 	Entry: C:\sts-4.17.2.RELEASE\plugins\org.eclipse.m2e.maven.runtime_3.8.604.20221130-2149\jars\aether-connector-okhttp-0.17.8.jar
2024-11-26 15:51:51,651 [Worker-51: Launching address-book-rest-api] INFO  o.eclipse.m2e.core.internal.Bundles - 	Entry: C:\sts-4.17.2.RELEASE\plugins\org.eclipse.m2e.maven.runtime_3.8.604.20221130-2149\jars\commons-cli-1.4.jar
2024-11-26 15:51:51,651 [Worker-51: Launching address-book-rest-api] INFO  o.eclipse.m2e.core.internal.Bundles - 	Entry: C:\sts-4.17.2.RELEASE\plugins\org.eclipse.m2e.maven.runtime_3.8.604.20221130-2149\jars\commons-io-2.6.jar
2024-11-26 15:51:51,651 [Worker-51: Launching address-book-rest-api] INFO  o.eclipse.m2e.core.internal.Bundles - 	Entry: C:\sts-4.17.2.RELEASE\plugins\org.eclipse.m2e.maven.runtime_3.8.604.20221130-2149\jars\commons-lang3-3.8.1.jar
2024-11-26 15:51:51,651 [Worker-51: Launching address-book-rest-api] INFO  o.eclipse.m2e.core.internal.Bundles - 	Entry: C:\sts-4.17.2.RELEASE\plugins\org.eclipse.m2e.maven.runtime_3.8.604.20221130-2149\jars\guice-4.2.2-no_aop.jar
2024-11-26 15:51:51,651 [Worker-51: Launching address-book-rest-api] INFO  o.eclipse.m2e.core.internal.Bundles - 	Entry: C:\sts-4.17.2.RELEASE\plugins\org.eclipse.m2e.maven.runtime_3.8.604.20221130-2149\jars\jansi-2.4.0.jar
2024-11-26 15:51:51,651 [Worker-51: Launching address-book-rest-api] INFO  o.eclipse.m2e.core.internal.Bundles - 	Entry: C:\sts-4.17.2.RELEASE\plugins\org.eclipse.m2e.maven.runtime_3.8.604.20221130-2149\jars\maven-artifact-3.8.6.jar
2024-11-26 15:51:51,651 [Worker-51: Launching address-book-rest-api] INFO  o.eclipse.m2e.core.internal.Bundles - 	Entry: C:\sts-4.17.2.RELEASE\plugins\org.eclipse.m2e.maven.runtime_3.8.604.20221130-2149\jars\maven-builder-support-3.8.6.jar
2024-11-26 15:51:51,651 [Worker-51: Launching address-book-rest-api] INFO  o.eclipse.m2e.core.internal.Bundles - 	Entry: C:\sts-4.17.2.RELEASE\plugins\org.eclipse.m2e.maven.runtime_3.8.604.20221130-2149\jars\maven-compat-3.8.6.jar
2024-11-26 15:51:51,651 [Worker-51: Launching address-book-rest-api] INFO  o.eclipse.m2e.core.internal.Bundles - 	Entry: C:\sts-4.17.2.RELEASE\plugins\org.eclipse.m2e.maven.runtime_3.8.604.20221130-2149\jars\maven-core-3.8.6.jar
2024-11-26 15:51:51,652 [Worker-51: Launching address-book-rest-api] INFO  o.eclipse.m2e.core.internal.Bundles - 	Entry: C:\sts-4.17.2.RELEASE\plugins\org.eclipse.m2e.maven.runtime_3.8.604.20221130-2149\jars\maven-embedder-3.8.6.jar
2024-11-26 15:51:51,652 [Worker-51: Launching address-book-rest-api] INFO  o.eclipse.m2e.core.internal.Bundles - 	Entry: C:\sts-4.17.2.RELEASE\plugins\org.eclipse.m2e.maven.runtime_3.8.604.20221130-2149\jars\maven-model-3.8.6.jar
2024-11-26 15:51:51,652 [Worker-51: Launching address-book-rest-api] INFO  o.eclipse.m2e.core.internal.Bundles - 	Entry: C:\sts-4.17.2.RELEASE\plugins\org.eclipse.m2e.maven.runtime_3.8.604.20221130-2149\jars\maven-model-builder-3.8.6.jar
2024-11-26 15:51:51,652 [Worker-51: Launching address-book-rest-api] INFO  o.eclipse.m2e.core.internal.Bundles - 	Entry: C:\sts-4.17.2.RELEASE\plugins\org.eclipse.m2e.maven.runtime_3.8.604.20221130-2149\jars\maven-plugin-api-3.8.6.jar
2024-11-26 15:51:51,652 [Worker-51: Launching address-book-rest-api] INFO  o.eclipse.m2e.core.internal.Bundles - 	Entry: C:\sts-4.17.2.RELEASE\plugins\org.eclipse.m2e.maven.runtime_3.8.604.20221130-2149\jars\maven-repository-metadata-3.8.6.jar
2024-11-26 15:51:51,652 [Worker-51: Launching address-book-rest-api] INFO  o.eclipse.m2e.core.internal.Bundles - 	Entry: C:\sts-4.17.2.RELEASE\plugins\org.eclipse.m2e.maven.runtime_3.8.604.20221130-2149\jars\maven-resolver-api-1.6.3.jar
2024-11-26 15:51:51,652 [Worker-51: Launching address-book-rest-api] INFO  o.eclipse.m2e.core.internal.Bundles - 	Entry: C:\sts-4.17.2.RELEASE\plugins\org.eclipse.m2e.maven.runtime_3.8.604.20221130-2149\jars\maven-resolver-connector-basic-1.6.3.jar
2024-11-26 15:51:51,652 [Worker-51: Launching address-book-rest-api] INFO  o.eclipse.m2e.core.internal.Bundles - 	Entry: C:\sts-4.17.2.RELEASE\plugins\org.eclipse.m2e.maven.runtime_3.8.604.20221130-2149\jars\maven-resolver-impl-1.6.3.jar
2024-11-26 15:51:51,652 [Worker-51: Launching address-book-rest-api] INFO  o.eclipse.m2e.core.internal.Bundles - 	Entry: C:\sts-4.17.2.RELEASE\plugins\org.eclipse.m2e.maven.runtime_3.8.604.20221130-2149\jars\maven-resolver-provider-3.8.6.jar
2024-11-26 15:51:51,652 [Worker-51: Launching address-book-rest-api] INFO  o.eclipse.m2e.core.internal.Bundles - 	Entry: C:\sts-4.17.2.RELEASE\plugins\org.eclipse.m2e.maven.runtime_3.8.604.20221130-2149\jars\maven-resolver-spi-1.6.3.jar
2024-11-26 15:51:51,653 [Worker-51: Launching address-book-rest-api] INFO  o.eclipse.m2e.core.internal.Bundles - 	Entry: C:\sts-4.17.2.RELEASE\plugins\org.eclipse.m2e.maven.runtime_3.8.604.20221130-2149\jars\maven-resolver-transport-wagon-1.6.3.jar
2024-11-26 15:51:51,653 [Worker-51: Launching address-book-rest-api] INFO  o.eclipse.m2e.core.internal.Bundles - 	Entry: C:\sts-4.17.2.RELEASE\plugins\org.eclipse.m2e.maven.runtime_3.8.604.20221130-2149\jars\maven-resolver-util-1.6.3.jar
2024-11-26 15:51:51,653 [Worker-51: Launching address-book-rest-api] INFO  o.eclipse.m2e.core.internal.Bundles - 	Entry: C:\sts-4.17.2.RELEASE\plugins\org.eclipse.m2e.maven.runtime_3.8.604.20221130-2149\jars\maven-settings-3.8.6.jar
2024-11-26 15:51:51,653 [Worker-51: Launching address-book-rest-api] INFO  o.eclipse.m2e.core.internal.Bundles - 	Entry: C:\sts-4.17.2.RELEASE\plugins\org.eclipse.m2e.maven.runtime_3.8.604.20221130-2149\jars\maven-settings-builder-3.8.6.jar
2024-11-26 15:51:51,653 [Worker-51: Launching address-book-rest-api] INFO  o.eclipse.m2e.core.internal.Bundles - 	Entry: C:\sts-4.17.2.RELEASE\plugins\org.eclipse.m2e.maven.runtime_3.8.604.20221130-2149\jars\maven-shared-utils-3.3.4.jar
2024-11-26 15:51:51,653 [Worker-51: Launching address-book-rest-api] INFO  o.eclipse.m2e.core.internal.Bundles - 	Entry: C:\sts-4.17.2.RELEASE\plugins\org.eclipse.m2e.maven.runtime_3.8.604.20221130-2149\jars\okhttp-3.14.1.jar
2024-11-26 15:51:51,653 [Worker-51: Launching address-book-rest-api] INFO  o.eclipse.m2e.core.internal.Bundles - 	Entry: C:\sts-4.17.2.RELEASE\plugins\org.eclipse.m2e.maven.runtime_3.8.604.20221130-2149\jars\okio-1.17.3.jar
2024-11-26 15:51:51,653 [Worker-51: Launching address-book-rest-api] INFO  o.eclipse.m2e.core.internal.Bundles - 	Entry: C:\sts-4.17.2.RELEASE\plugins\org.eclipse.m2e.maven.runtime_3.8.604.20221130-2149\jars\org.eclipse.sisu.inject-0.3.5.jar
2024-11-26 15:51:51,653 [Worker-51: Launching address-book-rest-api] INFO  o.eclipse.m2e.core.internal.Bundles - 	Entry: C:\sts-4.17.2.RELEASE\plugins\org.eclipse.m2e.maven.runtime_3.8.604.20221130-2149\jars\org.eclipse.sisu.plexus-0.3.5.jar
2024-11-26 15:51:51,653 [Worker-51: Launching address-book-rest-api] INFO  o.eclipse.m2e.core.internal.Bundles - 	Entry: C:\sts-4.17.2.RELEASE\plugins\org.eclipse.m2e.maven.runtime_3.8.604.20221130-2149\jars\plexus-build-api-0.0.7.jar
2024-11-26 15:51:51,653 [Worker-51: Launching address-book-rest-api] INFO  o.eclipse.m2e.core.internal.Bundles - 	Entry: C:\sts-4.17.2.RELEASE\plugins\org.eclipse.m2e.maven.runtime_3.8.604.20221130-2149\jars\plexus-cipher-2.0.jar
2024-11-26 15:51:51,654 [Worker-51: Launching address-book-rest-api] INFO  o.eclipse.m2e.core.internal.Bundles - 	Entry: C:\sts-4.17.2.RELEASE\plugins\org.eclipse.m2e.maven.runtime_3.8.604.20221130-2149\jars\plexus-classworlds-2.6.0.jar
2024-11-26 15:51:51,654 [Worker-51: Launching address-book-rest-api] INFO  o.eclipse.m2e.core.internal.Bundles - 	Entry: C:\sts-4.17.2.RELEASE\plugins\org.eclipse.m2e.maven.runtime_3.8.604.20221130-2149\jars\plexus-component-annotations-2.1.0.jar
2024-11-26 15:51:51,654 [Worker-51: Launching address-book-rest-api] INFO  o.eclipse.m2e.core.internal.Bundles - 	Entry: C:\sts-4.17.2.RELEASE\plugins\org.eclipse.m2e.maven.runtime_3.8.604.20221130-2149\jars\plexus-interpolation-1.26.jar
2024-11-26 15:51:51,654 [Worker-51: Launching address-book-rest-api] INFO  o.eclipse.m2e.core.internal.Bundles - 	Entry: C:\sts-4.17.2.RELEASE\plugins\org.eclipse.m2e.maven.runtime_3.8.604.20221130-2149\jars\plexus-sec-dispatcher-2.0.jar
2024-11-26 15:51:51,654 [Worker-51: Launching address-book-rest-api] INFO  o.eclipse.m2e.core.internal.Bundles - 	Entry: C:\sts-4.17.2.RELEASE\plugins\org.eclipse.m2e.maven.runtime_3.8.604.20221130-2149\jars\plexus-utils-3.3.1.jar
2024-11-26 15:51:51,654 [Worker-51: Launching address-book-rest-api] INFO  o.eclipse.m2e.core.internal.Bundles - 	Entry: C:\sts-4.17.2.RELEASE\plugins\org.eclipse.m2e.maven.runtime_3.8.604.20221130-2149\jars\wagon-file-3.5.1.jar
2024-11-26 15:51:51,654 [Worker-51: Launching address-book-rest-api] INFO  o.eclipse.m2e.core.internal.Bundles - 	Entry: C:\sts-4.17.2.RELEASE\plugins\org.eclipse.m2e.maven.runtime_3.8.604.20221130-2149\jars\wagon-provider-api-3.5.1.jar
2024-11-26 15:51:51,655 [Worker-51: Launching address-book-rest-api] INFO  o.eclipse.m2e.core.internal.Bundles - getClasspathEntries(Bundle=com.google.guava_30.1.0.v20221112-0806 [22])
2024-11-26 15:51:51,663 [Worker-51: Launching address-book-rest-api] INFO  o.eclipse.m2e.core.internal.Bundles - 	Entry: C:\sts-4.17.2.RELEASE\plugins\com.google.guava_30.1.0.v20221112-0806.jar
2024-11-26 15:51:51,663 [Worker-51: Launching address-book-rest-api] INFO  o.eclipse.m2e.core.internal.Bundles - getClasspathEntries(Bundle=slf4j.api_1.7.36 [584])
2024-11-26 15:51:51,664 [Worker-51: Launching address-book-rest-api] INFO  o.eclipse.m2e.core.internal.Bundles - 	Entry: C:\sts-4.17.2.RELEASE\plugins\slf4j.api_1.7.36.jar
2024-11-26 15:51:51,665 [Worker-51: Launching address-book-rest-api] INFO  o.eclipse.m2e.core.internal.Bundles - getClasspathEntries(Bundle=javax.inject_1.0.0.v20220405-0441 [49])
2024-11-26 15:51:51,666 [Worker-51: Launching address-book-rest-api] INFO  o.eclipse.m2e.core.internal.Bundles - 	Entry: C:\sts-4.17.2.RELEASE\plugins\javax.inject_1.0.0.v20220405-0441.jar
2024-11-26 15:51:51,666 [Worker-51: Launching address-book-rest-api] INFO  o.eclipse.m2e.core.internal.Bundles - getClasspathEntries(Bundle=javax.annotation_1.3.5.v20221112-0806 [47])
2024-11-26 15:51:51,667 [Worker-51: Launching address-book-rest-api] INFO  o.eclipse.m2e.core.internal.Bundles - 	Entry: C:\sts-4.17.2.RELEASE\plugins\javax.annotation_1.3.5.v20221112-0806.jar
2024-11-26 15:51:51,670 [Worker-51: Launching address-book-rest-api] INFO  o.e.m.i.launch.MavenLaunchDelegate - Run build in "C:\Cognizant\ongoing\SpringBootMicroservices_1430to1630_13Nov24_27Dec24\WS\address-book-rest-api":
2024-11-26 15:51:51,670 [Worker-51: Launching address-book-rest-api] INFO  o.e.m.i.launch.MavenLaunchDelegate -  mvn  -Ppom.xml -B -Dstyle.color=always clean compile
